  <datasource jta="true" jndi-name="java:jboss/datasources/junit" pool-name="H2DS" enabled="true" use-ccm="true">
    <connection-url>jdbc:h2:~/junit;AUTO_SERVER=TRUE</connection-url>
    <driver-class>org.h2.Driver</driver-class>
    <driver>h2</driver>
    <security>
        <user-name>sa</user-name>
        <password>sa</password>
    </security>
    <validation>
        <background-validation>false</background-validation>
    </validation>
</datasource>